Arguments: 
  /home/chris/.fnm/node-versions/v14.16.1/installation/bin/node /tmp/fnm_multishell_25429_1637608088999/bin/yarn add --dev rescript-test

PATH: 
  /tmp/fnm_multishell_25429_1637608088999/bin:/home/chris/.fnm:/tmp/fnm_multishell_25176_1637608072344/bin:/home/chris/.fnm:/usr/local/sbin:/usr/local/bin:/usr/sbin:/usr/bin:/sbin:/bin:/usr/games:/usr/local/games:/snap/bin

Yarn version: 
  1.22.11

Node version: 
  14.16.1

Platform: 
  linux x64

Trace: 
  Error: connect EHOSTUNREACH 104.16.27.35:443
      at TCPConnectWrap.afterConnect [as oncomplete] (net.js:1146:16)

npm manifest: 
  {
    "name": "rescript-project-template",
    "version": "0.0.1",
    "scripts": {
      "build": "rescript",
      "clean": "rescript clean -with-deps",
      "start": "rescript build -w"
    },
    "keywords": [
      "rescript"
    ],
    "author": "",
    "license": "MIT",
    "devDependencies": {
      "rescript": "^9.1.4"
    }
  }

yarn manifest: 
  No manifest

Lockfile: 
  No lockfile
